# JRE version: OpenJDK Runtime Environment Temurin-21.0.8+9 (21.0.8+9) (build 21.0.8+9-LTS)
# Java VM: OpenJDK 64-Bit Server VM Temurin-21.0.8+9 (21.0.8+9-LTS, mixed mode, emulated-client, sharing, tiered, compressed oops, compressed class ptrs, g1 gc, windows-amd64)
GC Precious Log:
 CardTable entry size: 512
 Card Set container configuration: InlinePtr #cards 5 size 8 Array Of Cards #cards 12 size 40 Howl #buckets 4 coarsen threshold 1843 Howl Bitmap #cards 512 size 80 coarsen threshold 460 Card regions per heap region 1 cards per card region 2048
 CPUs: 12 total, 12 available
 Memory: 7876M
 Large Page Support: Disabled
 NUMA Support: Disabled
 Compressed Oops: Enabled (32-bit)
 Heap Region Size: 1M
 Heap Min Capacity: 8M
 Heap Initial Capacity: 124M
 Heap Max Capacity: 1G
 Pre-touch: Disabled
 Parallel Workers: 10
 Concurrent Workers: 3
 Concurrent Refinement Workers: 10
 Periodic GC: Disabled
Heap:
 garbage-first heap   total 103424K, used 44997K [0x00000000c0000000, 0x0000000100000000)
  region size 1024K, 1 young (1024K), 0 survivors (0K)
 Metaspace       used 58044K, committed 58752K, reserved 1114112K
  class space    used 7380K, committed 7680K, reserved 1048576K
GC Heap History (20 events):
Event: 176088.684 GC heap after
{Heap after GC invocations=3138 (full 3112):
 garbage-first heap   total 103424K, used 44997K [0x00000000c0000000, 0x0000000100000000)
  region size 1024K, 0 young (0K), 0 survivors (0K)
 Metaspace       used 58044K, committed 58752K, reserved 1114112K
  class space    used 7380K, committed 7680K, reserved 1048576K
}
Event: 176099.196 GC heap before
{Heap before GC invocations=3138 (full 3112):
 garbage-first heap   total 103424K, used 44997K [0x00000000c0000000, 0x0000000100000000)
  region size 1024K, 1 young (1024K), 0 survivors (0K)
 Metaspace       used 58044K, committed 58752K, reserved 1114112K
  class space    used 7380K, committed 7680K, reserved 1048576K
}
Event: 176099.265 GC heap after
{Heap after GC invocations=3139 (full 3113):
 garbage-first heap   total 103424K, used 44997K [0x00000000c0000000, 0x0000000100000000)
  region size 1024K, 0 young (0K), 0 survivors (0K)
 Metaspace       used 58044K, committed 58752K, reserved 1114112K
  class space    used 7380K, committed 7680K, reserved 1048576K
}
Event: 176109.753 GC heap before
{Heap before GC invocations=3139 (full 3113):
 garbage-first heap   total 103424K, used 44997K [0x00000000c0000000, 0x0000000100000000)
  region size 1024K, 1 young (1024K), 0 survivors (0K)
 Metaspace       used 58044K, committed 58752K, reserved 1114112K
  class space    used 7380K, committed 7680K, reserved 1048576K
}
Event: 176109.833 GC heap after
{Heap after GC invocations=3140 (full 3114):
 garbage-first heap   total 103424K, used 44997K [0x00000000c0000000, 0x0000000100000000)
  region size 1024K, 0 young (0K), 0 survivors (0K)
 Metaspace       used 58044K, committed 58752K, reserved 1114112K
  class space    used 7380K, committed 7680K, reserved 1048576K
}
Event: 176120.327 GC heap before
{Heap before GC invocations=3140 (full 3114):
 garbage-first heap   total 103424K, used 44997K [0x00000000c0000000, 0x0000000100000000)
  region size 1024K, 1 young (1024K), 0 survivors (0K)
 Metaspace       used 58044K, committed 58752K, reserved 1114112K
  class space    used 7380K, committed 7680K, reserved 1048576K
}
Event: 176120.411 GC heap after
{Heap after GC invocations=3141 (full 3115):
 garbage-first heap   total 103424K, used 44997K [0x00000000c0000000, 0x0000000100000000)
  region size 1024K, 0 young (0K), 0 survivors (0K)
 Metaspace       used 58044K, committed 58752K, reserved 1114112K
  class space    used 7380K, committed 7680K, reserved 1048576K
}
Event: 176131.089 GC heap before
{Heap before GC invocations=3141 (full 3115):
 garbage-first heap   total 103424K, used 44997K [0x00000000c0000000, 0x0000000100000000)
  region size 1024K, 1 young (1024K), 0 survivors (0K)
 Metaspace       used 58044K, committed 58752K, reserved 1114112K
  class space    used 7380K, committed 7680K, reserved 1048576K
}
Event: 176131.205 GC heap after
{Heap after GC invocations=3142 (full 3116):
 garbage-first heap   total 103424K, used 44997K [0x00000000c0000000, 0x0000000100000000)
  region size 1024K, 0 young (0K), 0 survivors (0K)
 Metaspace       used 58044K, committed 58752K, reserved 1114112K
  class space    used 7380K, committed 7680K, reserved 1048576K
}
Event: 176141.923 GC heap before
{Heap before GC invocations=3142 (full 3116):
 garbage-first heap   total 103424K, used 44997K [0x00000000c0000000, 0x0000000100000000)
  region size 1024K, 1 young (1024K), 0 survivors (0K)
 Metaspace       used 58044K, committed 58752K, reserved 1114112K
  class space    used 7380K, committed 7680K, reserved 1048576K
}
Event: 176142.021 GC heap after
{Heap after GC invocations=3143 (full 3117):
 garbage-first heap   total 103424K, used 44997K [0x00000000c0000000, 0x0000000100000000)
  region size 1024K, 0 young (0K), 0 survivors (0K)
 Metaspace       used 58044K, committed 58752K, reserved 1114112K
  class space    used 7380K, committed 7680K, reserved 1048576K
}
Event: 176152.604 GC heap before
{Heap before GC invocations=3143 (full 3117):
 garbage-first heap   total 103424K, used 44997K [0x00000000c0000000, 0x0000000100000000)
  region size 1024K, 1 young (1024K), 0 survivors (0K)
 Metaspace       used 58044K, committed 58752K, reserved 1114112K
  class space    used 7380K, committed 7680K, reserved 1048576K
}
Event: 176152.716 GC heap after
{Heap after GC invocations=3144 (full 3118):
 garbage-first heap   total 103424K, used 44997K [0x00000000c0000000, 0x0000000100000000)
  region size 1024K, 0 young (0K), 0 survivors (0K)
 Metaspace       used 58044K, committed 58752K, reserved 1114112K
  class space    used 7380K, committed 7680K, reserved 1048576K
}
Event: 176163.422 GC heap before
{Heap before GC invocations=3144 (full 3118):
 garbage-first heap   total 103424K, used 44997K [0x00000000c0000000, 0x0000000100000000)
  region size 1024K, 1 young (1024K), 0 survivors (0K)
 Metaspace       used 58044K, committed 58752K, reserved 1114112K
  class space    used 7380K, committed 7680K, reserved 1048576K
}
Event: 176163.516 GC heap after
{Heap after GC invocations=3145 (full 3119):
 garbage-first heap   total 103424K, used 44997K [0x00000000c0000000, 0x0000000100000000)
  region size 1024K, 0 young (0K), 0 survivors (0K)
 Metaspace       used 58044K, committed 58752K, reserved 1114112K
  class space    used 7380K, committed 7680K, reserved 1048576K
}
Event: 176174.081 GC heap before
{Heap before GC invocations=3145 (full 3119):
 garbage-first heap   total 103424K, used 44997K [0x00000000c0000000, 0x0000000100000000)
  region size 1024K, 1 young (1024K), 0 survivors (0K)
 Metaspace       used 58044K, committed 58752K, reserved 1114112K
  class space    used 7380K, committed 7680K, reserved 1048576K
}
Event: 176174.160 GC heap after
{Heap after GC invocations=3146 (full 3120):
 garbage-first heap   total 103424K, used 44997K [0x00000000c0000000, 0x0000000100000000)
  region size 1024K, 0 young (0K), 0 survivors (0K)
 Metaspace       used 58044K, committed 58752K, reserved 1114112K
  class space    used 7380K, committed 7680K, reserved 1048576K
}
Event: 176184.656 GC heap before
{Heap before GC invocations=3146 (full 3120):
 garbage-first heap   total 103424K, used 44997K [0x00000000c0000000, 0x0000000100000000)
  region size 1024K, 1 young (1024K), 0 survivors (0K)
 Metaspace       used 58044K, committed 58752K, reserved 1114112K
  class space    used 7380K, committed 7680K, reserved 1048576K
}
Event: 176184.725 GC heap after
{Heap after GC invocations=3147 (full 3121):
 garbage-first heap   total 103424K, used 44997K [0x00000000c0000000, 0x0000000100000000)
  region size 1024K, 0 young (0K), 0 survivors (0K)
 Metaspace       used 58044K, committed 58752K, reserved 1114112K
  class space    used 7380K, committed 7680K, reserved 1048576K
}
Event: 176197.889 GC heap before
{Heap before GC invocations=3147 (full 3121):
 garbage-first heap   total 103424K, used 44997K [0x00000000c0000000, 0x0000000100000000)
  region size 1024K, 1 young (1024K), 0 survivors (0K)
 Metaspace       used 58044K, committed 58752K, reserved 1114112K
  class space    used 7380K, committed 7680K, reserved 1048576K
}

